<?xml version="1.0" encoding="UTF-8"?>
<!-- Generated by org.testng.reporters.JUnitReportReporter -->
<testsuite hostname="DESKTOP-F8M8PD6" name="com.training.sanity.tests.RETC_016_AddPosts" tests="2" failures="0" timestamp="5 May 2020 19:13:50 GMT" time="4.743" errors="0">
  <testcase name="openPostpage" time="4.741" classname="com.training.sanity.tests.RETC_016_AddPosts"/>
  <testcase name="validLoginTest" time="0.002" classname="com.training.sanity.tests.RETC_016_AddPosts"/>
</testsuite> <!-- com.training.sanity.tests.RETC_016_AddPosts -->
