<?xml version="1.0" encoding="UTF-8"?>
<!-- Generated by org.testng.reporters.JUnitReportReporter -->
<testsuite hostname="DESKTOP-F8M8PD6" name="com.training.sanity.tests.RETC_016_RealEstateLogin" tests="1" failures="0" timestamp="6 May 2020 08:35:19 GMT" time="5.449" errors="0">
  <testcase name="validLoginTest" time="5.449" classname="com.training.sanity.tests.RETC_016_RealEstateLogin"/>
</testsuite> <!-- com.training.sanity.tests.RETC_016_RealEstateLogin -->
