<?xml version="1.0" encoding="UTF-8"?>
<!-- Generated by org.testng.reporters.JUnitReportReporter -->
<testsuite hostname="DESKTOP-F8M8PD6" name="com.training.sanity.tests.RETC_016_RealEstateTests" tests="1" failures="0" timestamp="6 May 2020 09:31:11 GMT" time="23.194" errors="0">
  <testcase name="validLoginTest" time="23.194" classname="com.training.sanity.tests.RETC_016_RealEstateTests"/>
</testsuite> <!-- com.training.sanity.tests.RETC_016_RealEstateTests -->
