<?xml version="1.0" encoding="UTF-8"?>
<!-- Generated by org.testng.reporters.JUnitReportReporter -->
<testsuite hostname="DESKTOP-F8M8PD6" name="com.training.sanity.tests.RealEstateTests" tests="2" failures="0" timestamp="6 May 2020 13:35:28 GMT" time="19.314" errors="0">
  <testcase name="Postspage" time="12.414" classname="com.training.sanity.tests.RealEstateTests"/>
  <testcase name="LoginTest" time="6.900" classname="com.training.sanity.tests.RealEstateTests"/>
</testsuite> <!-- com.training.sanity.tests.RealEstateTests -->
