<?xml version="1.0" encoding="UTF-8"?>
<!-- Generated by org.testng.reporters.JUnitReportReporter -->
<testsuite hostname="DESKTOP-F8M8PD6" name="com.training.sanity.tests.RealEstateTrashPostsTC16" tests="3" failures="0" timestamp="12 May 2020 03:49:55 GMT" time="34.997" errors="0">
  <testcase name="ValidateTrashPost" time="13.002" classname="com.training.sanity.tests.RealEstateTrashPostsTC16"/>
  <testcase name="ValidateLogin" time="11.126" classname="com.training.sanity.tests.RealEstateTrashPostsTC16"/>
  <testcase name="VaidateLogOut" time="10.869" classname="com.training.sanity.tests.RealEstateTrashPostsTC16"/>
</testsuite> <!-- com.training.sanity.tests.RealEstateTrashPostsTC16 -->
