<?xml version="1.0" encoding="UTF-8"?>
<!-- Generated by org.testng.reporters.JUnitReportReporter -->
<testsuite hostname="DESKTOP-F8M8PD6" name="com.training.sanity.tests.RealEstateNewPostsTest" tests="2" failures="0" timestamp="7 May 2020 11:42:09 GMT" time="24.612" errors="0">
  <testcase name="ValidateNewPost" time="16.655" classname="com.training.sanity.tests.RealEstateNewPostsTest"/>
  <testcase name="ValidateLoginTest" time="7.957" classname="com.training.sanity.tests.RealEstateNewPostsTest"/>
</testsuite> <!-- com.training.sanity.tests.RealEstateNewPostsTest -->
